Role Assignment Debug Log
========================================
Started: 2025-05-02
----------------------------------------

This file logs all role assignment operations including:
- Role assignments to members
- Role removals from members
- Bulk role assignments
- Primary role changes
- Operation results
- Assignment errors and warnings

Format:
[TIMESTAMP] ACTION_TYPE: Description
DATA: {relevant data}
ERROR: {error message if any}
----------------------------------------[2025-05-02 15:21:23] ERROR
MESSAGE: Invalid request data
CONTEXT: {
    "role_id": "3"
}
----------------------------------------
[2025-05-02 15:36:22] ERROR
Message: Invalid request data
Context Details: {
    "role_id": "3"
}
----------------------------------------
[2025-05-02 16:05:54] ERROR
Message: Invalid request data
Context Details: {
    "role_id": "3"
}
----------------------------------------
[2025-05-02 16:10:09] ERROR
Message: Invalid request data
Context Details: {
    "role_id": "3"
}
----------------------------------------
[2025-05-02 19:37:05] ERROR
Message: Invalid request data
Context Details: {
    "role_id": "11"
}
----------------------------------------
[2025-05-04 19:24:10] ERROR
Message: Invalid request data
Context Details: {
    "role_id": "11"
}
----------------------------------------
[2025-05-04 19:24:30] ERROR
Message: Invalid request data
Context Details: {
    "role_id": "4"
}
----------------------------------------
[2025-05-04 19:24:54] ERROR
Message: Invalid request data
Context Details: {
    "role_id": "11"
}
----------------------------------------
[2025-05-04 19:25:35] ERROR
Message: Invalid request data
Context Details: {
    "role_id": "11"
}
----------------------------------------
[2025-05-04 19:27:00] ERROR
Message: Invalid request data
Context Details: {
    "role_id": "11"
}
----------------------------------------
[2025-05-04 19:28:44] ERROR
Message: Invalid request data
Context Details: {
    "role_id": "11"
}
----------------------------------------
[2025-05-04 22:08:42] ERROR
Message: Invalid request data
Context Details: {
    "role_id": "11"
}
----------------------------------------
[2025-05-04 22:10:38] ERROR
Message: Invalid request data
Context Details: {
    "role_id": "11"
}
----------------------------------------
[2025-05-04 22:11:15] ERROR
Message: Invalid request data
Context Details: {
    "role_id": "11"
}
----------------------------------------
[2025-05-04 22:13:29] ERROR
Message: Invalid request data
Context Details: {
    "role_id": "11"
}
----------------------------------------
[2025-05-04 22:13:45] ERROR
Message: Invalid request data
Context Details: {
    "role_id": "4"
}
----------------------------------------
[2025-05-04 22:18:23] ERROR
Message: Invalid request data
Context Details: {
    "role_id": "11"
}
----------------------------------------
[2025-05-04 22:19:13] ERROR
Message: Invalid request data
Context Details: {
    "role_id": "13"
}
----------------------------------------
[2025-05-04 22:38:23] ERROR
Message: Invalid request data
Context Details: {
    "role_id": "11"
}
----------------------------------------
